ManufacturerId is 0x35393738333300
DAL version is 1.2.0.6
DAL device is activated
SetupAudioTransfer function...Instance stateStopped
Instance state changed, now Starting
Instance state changed, now Running

Socket Descriptor validation: ProtocolArcp config=30440 actual=30440
94101.110687400: control=0 audio=1418 late=0 nonSeq=0
ProtocolArcpLocal config=30441 actual=30441
ProtocolDbcp config=30455 actual=30455
ProtocolCmcp config=34800 actual=34800
ProtocolConmonChannels config=34700 actual=34700
ProtocolConmonClient config=34900 actual=34900
ProtocolDomainClientProxy config=34001 actual=34001
ProtocolAudioBase config=30336 actual=30336
ProtocolWebSocket config=0 actual=57181
ProtocolMdnsClient config=34002 actual=34002
94113.225111300: control=0 audio=1721 late=0 nonSeq=0
94114.11135300: control=12114444 audio=1411 late=2 nonSeq=2
94115.610800: control=23492 audio=1388 late=2 nonSeq=2
Component ConmonServer status changed, now Running
Component Mdns status changed, now Running
94116.11246100: control=23175 audio=1438 late=2 nonSeq=2
Component Apec status changed, now Running
94117.4650000: control=23795 audio=1312 late=2 nonSeq=2
94118.9252600: control=23891 audio=1742 late=2 nonSeq=2
94119.17103900: control=35600 audio=1414 late=2 nonSeq=2
94120.596000: control=347000 audio=1627 late=3 nonSeq=3
94121.19586800: control=21400 audio=1659 late=3 nonSeq=3
94122.4173500: control=23786 audio=1450 late=3 nonSeq=3
94123.14213500: control=23611 audio=1658 late=3 nonSeq=3
94124.10586600: control=23953 audio=1426 late=3 nonSeq=3
94125.12119000: control=23791 audio=1478 late=3 nonSeq=3
94126.7693700: control=23638 audio=1568 late=3 nonSeq=3
94127.17104800: control=24448 audio=1254 late=3 nonSeq=3
94128.17093600: control=22956 audio=1590 late=3 nonSeq=3
94129.20592000: control=23684 audio=1428 late=3 nonSeq=3
94130.19165700: control=24198 audio=1933 late=3 nonSeq=3
94131.3129800: control=23958 audio=1552 late=3 nonSeq=3
94132.4208300: control=23805 audio=1249 late=3 nonSeq=3
94133.19115200: control=23918 audio=1306 late=3 nonSeq=3
94134.7621500: control=24306 audio=1705 late=3 nonSeq=3
94135.5114100: control=23885 audio=1272 late=3 nonSeq=3
94136.12111000: control=23386 audio=1549 late=3 nonSeq=3
94137.15146100: control=20784 audio=1554 late=3 nonSeq=3
94138.3117500: control=23819 audio=1325 late=3 nonSeq=3
94139.9110000: control=23363 audio=1601 late=3 nonSeq=3
94140.17612900: control=23758 audio=1126 late=3 nonSeq=3
94141.1111100: control=23438 audio=1348 late=3 nonSeq=3
94142.8722300: control=23943 audio=1302 late=3 nonSeq=3
94143.6099900: control=22680 audio=1559 late=3 nonSeq=3
94144.3607700: control=23576 audio=1623 late=3 nonSeq=3
94145.1128800: control=23485 audio=1488 late=3 nonSeq=3
94146.2125800: control=24458 audio=1430 late=3 nonSeq=3
94147.2094200: control=20837 audio=1923 late=3 nonSeq=3
94148.19159100: control=24439 audio=1382 late=3 nonSeq=3
94149.11612100: control=23495 audio=2331 late=3 nonSeq=3
94150.19594000: control=20962 audio=1278 late=3 nonSeq=3
94151.2628700: control=24013 audio=8386 late=3 nonSeq=3
94152.13250600: control=23341 audio=2329 late=3 nonSeq=3
94153.14592400: control=23510 audio=1610 late=3 nonSeq=3
94154.3163300: control=24267 audio=1450 late=3 nonSeq=3
94155.19092200: control=24110 audio=1346 late=3 nonSeq=3
94156.4147000: control=20990 audio=1204 late=3 nonSeq=3
94157.10104100: control=23592 audio=1439 late=3 nonSeq=3
94158.6597600: control=23480 audio=1824 late=3 nonSeq=3
94159.8161400: control=23387 audio=1420 late=3 nonSeq=3
94160.6163700: control=24144 audio=1634 late=3 nonSeq=3
94161.9153400: control=23967 audio=1544 late=3 nonSeq=3
94162.17104200: control=23922 audio=1259 late=3 nonSeq=3
94163.15939000: control=23361 audio=1917 late=3 nonSeq=3
94164.15213300: control=23685 audio=1496 late=3 nonSeq=3
94165.1604300: control=23673 audio=1865 late=3 nonSeq=3
94166.15632000: control=24973 audio=1384 late=3 nonSeq=3
94167.3123200: control=24054 audio=1114 late=3 nonSeq=3
94168.2607500: control=20817 audio=1343 late=3 nonSeq=3
94169.11198000: control=23948 audio=1470 late=3 nonSeq=3
94170.9167100: control=23640 audio=1426 late=3 nonSeq=3
94171.12147000: control=23362 audio=1428 late=3 nonSeq=3
94172.16122600: control=23549 audio=1520 late=3 nonSeq=3
94173.15128200: control=23407 audio=1363 late=3 nonSeq=3
94174.19109200: control=22807 audio=1462 late=3 nonSeq=3
94175.8585700: control=23543 audio=1623 late=3 nonSeq=3
94176.1590100: control=24597 audio=1425 late=3 nonSeq=3
94177.11101900: control=23964 audio=1455 late=3 nonSeq=3
94178.18562900: control=24402 audio=1457 late=3 nonSeq=3
94179.9149500: control=23721 audio=1455 late=3 nonSeq=3
94180.11616800: control=23458 audio=1749 late=3 nonSeq=3
94181.18587600: control=23370 audio=1825 late=3 nonSeq=3
94182.13101200: control=23947 audio=1652 late=3 nonSeq=3
94183.10666700: control=24117 audio=1476 late=3 nonSeq=3
94184.1154500: control=24975 audio=1437 late=3 nonSeq=3
94185.20097100: control=23298 audio=1195 late=3 nonSeq=3
94186.10140100: control=22994 audio=1422 late=3 nonSeq=3
94187.6249500: control=23620 audio=1949 late=3 nonSeq=3
94188.4115600: control=23949 audio=1678 late=3 nonSeq=3
94189.11597600: control=23698 audio=1463 late=3 nonSeq=3
94190.15901500: control=23379 audio=1538 late=3 nonSeq=3
94191.10805800: control=23862 audio=1398 late=3 nonSeq=3
94192.15150300: control=20970 audio=1589 late=3 nonSeq=3
94193.11623900: control=22992 audio=1426 late=3 nonSeq=3
94194.11128100: control=23992 audio=1478 late=3 nonSeq=3
94195.14664100: control=20790 audio=1240 late=3 nonSeq=3
94196.11665500: control=24249 audio=1372 late=3 nonSeq=3
94197.17118700: control=23979 audio=1883 late=3 nonSeq=3
94198.12131900: control=21023 audio=1360 late=3 nonSeq=3
94199.637800: control=25807 audio=1648 late=3 nonSeq=3
94200.7094900: control=23586 audio=1333 late=3 nonSeq=3
94201.20123200: control=23565 audio=1535 late=3 nonSeq=3
94202.1096400: control=23952 audio=1848 late=3 nonSeq=3
94203.1310300: control=24290 audio=1537 late=3 nonSeq=3
94204.6592400: control=25948 audio=1961 late=3 nonSeq=3
94205.8609900: control=23576 audio=1507 late=3 nonSeq=3
94206.16650500: control=23736 audio=1496 late=3 nonSeq=3
94207.15120100: control=23765 audio=1447 late=3 nonSeq=3
94208.18651100: control=22929 audio=1937 late=3 nonSeq=3
94209.8272100: control=23392 audio=2450 late=3 nonSeq=3
94210.7135500: control=23389 audio=2907 late=3 nonSeq=3
94211.9097900: control=23996 audio=1657 late=3 nonSeq=3
94212.4711000: control=23570 audio=1521 late=3 nonSeq=3
94213.10102500: control=23758 audio=1402 late=3 nonSeq=3
94214.16091500: control=23997 audio=1640 late=3 nonSeq=3
94215.14100100: control=23018 audio=1541 late=3 nonSeq=3
94216.17639400: control=23761 audio=1465 late=3 nonSeq=3
94217.5143600: control=23673 audio=1534 late=3 nonSeq=3
94218.10134000: control=23970 audio=1539 late=3 nonSeq=3
94219.7102300: control=23143 audio=1936 late=3 nonSeq=3
94220.7092900: control=24068 audio=1645 late=3 nonSeq=3
94221.6113700: control=23840 audio=1842 late=3 nonSeq=3
94222.4108300: control=23515 audio=1479 late=3 nonSeq=3
94223.14130400: control=23252 audio=2732 late=3 nonSeq=3
94224.17098100: control=23872 audio=1926 late=3 nonSeq=3
94225.593100: control=23603 audio=2468 late=3 nonSeq=3
94226.2112200: control=23356 audio=1336 late=3 nonSeq=3
94227.4087800: control=25534 audio=1828 late=3 nonSeq=3
94228.4199300: control=28717 audio=1424 late=3 nonSeq=3
94229.7664700: control=23900 audio=1828 late=3 nonSeq=3
94230.13588900: control=23932 audio=1796 late=3 nonSeq=3
94231.13691100: control=23869 audio=1819 late=3 nonSeq=3
94232.4653600: control=24101 audio=1490 late=3 nonSeq=3
94233.19589900: control=24085 audio=1457 late=3 nonSeq=3
94234.2747800: control=23992 audio=1923 late=3 nonSeq=3
94235.19088900: control=23484 audio=1715 late=3 nonSeq=3
94236.1431500: control=23825 audio=1446 late=3 nonSeq=3
94237.12095000: control=24474 audio=1415 late=3 nonSeq=3
94238.18623100: control=23799 audio=1231 late=3 nonSeq=3
94239.199700: control=23830 audio=1304 late=3 nonSeq=3
94240.13290400: control=20842 audio=1626 late=3 nonSeq=3
94241.14589600: control=21258 audio=1452 late=3 nonSeq=3
94242.19595100: control=23595 audio=1494 late=3 nonSeq=3
94243.10090600: control=25893 audio=1441 late=3 nonSeq=3
94244.8158900: control=23679 audio=1406 late=3 nonSeq=3
94245.12461600: control=23577 audio=1517 late=3 nonSeq=3
94246.9093600: control=23709 audio=1626 late=3 nonSeq=3
94247.5147300: control=23660 audio=1607 late=3 nonSeq=3
94248.18112100: control=23476 audio=1942 late=3 nonSeq=3
94249.4134600: control=23784 audio=1976 late=3 nonSeq=3
94250.9625400: control=23999 audio=1491 late=3 nonSeq=3
94251.11144600: control=23689 audio=1829 late=3 nonSeq=3
94252.10603800: control=23624 audio=1439 late=3 nonSeq=3
94253.10591500: control=24705 audio=1390 late=3 nonSeq=3
94254.14092900: control=23950 audio=1459 late=3 nonSeq=3
94255.20087800: control=23476 audio=1537 late=3 nonSeq=3
94256.7132800: control=24113 audio=1573 late=3 nonSeq=3
94257.7583600: control=23572 audio=1663 late=3 nonSeq=3
94258.18590400: control=23558 audio=1502 late=3 nonSeq=3
94259.3141600: control=23953 audio=1514 late=3 nonSeq=3
94260.10117100: control=24010 audio=1470 late=3 nonSeq=3
94261.16092900: control=24456 audio=1893 late=3 nonSeq=3
94262.8139100: control=24072 audio=2056 late=3 nonSeq=3
94263.14192800: control=24099 audio=1570 late=3 nonSeq=3
94264.19129500: control=23841 audio=1860 late=3 nonSeq=3
94265.1583800: control=23601 audio=1828 late=3 nonSeq=3
94266.2100500: control=23613 audio=1515 late=3 nonSeq=3
94267.4597200: control=24064 audio=1647 late=3 nonSeq=3
94268.6842000: control=24010 audio=1682 late=3 nonSeq=3
94269.18157600: control=23407 audio=1678 late=3 nonSeq=3
94270.20150600: control=21114 audio=2000 late=3 nonSeq=3
94271.12136800: control=23888 audio=1879 late=3 nonSeq=3
94272.6142200: control=24598 audio=1505 late=3 nonSeq=3
94273.7147900: control=23802 audio=1526 late=3 nonSeq=3
94274.16155700: control=23557 audio=1325 late=3 nonSeq=3
94275.9094900: control=24085 audio=1360 late=3 nonSeq=3
94276.6657300: control=23970 audio=1421 late=3 nonSeq=3
94277.4611600: control=23977 audio=1713 late=3 nonSeq=3
94278.6128400: control=23663 audio=1652 late=3 nonSeq=3
94279.6112600: control=23755 audio=1661 late=3 nonSeq=3
94280.1117500: control=23846 audio=1835 late=3 nonSeq=3
94281.10241600: control=23589 audio=1965 late=3 nonSeq=3
94282.7190100: control=23931 audio=2479 late=3 nonSeq=3
94283.15093600: control=23827 audio=1926 late=3 nonSeq=3
94284.18098600: control=23516 audio=1488 late=3 nonSeq=3
94285.3165700: control=24207 audio=1453 late=3 nonSeq=3
94286.3124100: control=24095 audio=1876 late=3 nonSeq=3
94287.4091800: control=23639 audio=1610 late=3 nonSeq=3
94288.13173500: control=25449 audio=1836 late=3 nonSeq=3
94289.17101600: control=24114 audio=2405 late=3 nonSeq=3
94290.16126900: control=23547 audio=2060 late=3 nonSeq=3
94291.2621600: control=23903 audio=1653 late=3 nonSeq=3
94292.10139100: control=23985 audio=1622 late=3 nonSeq=3
94293.17099100: control=23925 audio=1448 late=3 nonSeq=3
94294.8134000: control=23623 audio=2023 late=3 nonSeq=3
94295.2589200: control=23580 audio=1273 late=3 nonSeq=3
94296.7104500: control=23980 audio=2086 late=3 nonSeq=3
94297.18642000: control=21054 audio=1509 late=3 nonSeq=3
94298.18129200: control=23631 audio=1807 late=3 nonSeq=3
94299.17147900: control=23723 audio=1901 late=3 nonSeq=3
94300.6110800: control=23750 audio=1989 late=3 nonSeq=3
94301.12364200: control=23780 audio=1474 late=3 nonSeq=3
94302.17136700: control=23225 audio=1512 late=3 nonSeq=3
94303.10246600: control=23524 audio=1502 late=3 nonSeq=3
94304.5294800: control=23569 audio=1472 late=3 nonSeq=3
94305.13117000: control=23695 audio=1511 late=3 nonSeq=3
94306.15584500: control=23902 audio=1441 late=3 nonSeq=3
94307.9590900: control=22966 audio=1316 late=3 nonSeq=3
94308.10617500: control=23365 audio=1476 late=3 nonSeq=3
94309.10100800: control=23384 audio=2316 late=3 nonSeq=3
94310.5133200: control=23419 audio=1304 late=3 nonSeq=3
94311.8105000: control=24411 audio=1454 late=3 nonSeq=3
94312.18678700: control=25251 audio=1512 late=3 nonSeq=3
94313.19104400: control=23628 audio=1670 late=3 nonSeq=3
94314.1167300: control=23848 audio=1498 late=3 nonSeq=3
94315.1716000: control=21098 audio=1363 late=3 nonSeq=3
94316.2623800: control=24045 audio=1449 late=3 nonSeq=3
94317.2092300: control=23631 audio=1655 late=3 nonSeq=3
94318.6129800: control=26278 audio=1893 late=3 nonSeq=3
94319.11210700: control=23707 audio=1904 late=3 nonSeq=3
94320.18111400: control=23441 audio=1493 late=3 nonSeq=3
94321.8122600: control=23588 audio=1622 late=3 nonSeq=3
94322.11108600: control=24518 audio=1889 late=3 nonSeq=3
94323.1149800: control=23027 audio=1874 late=3 nonSeq=3
94324.13592900: control=23492 audio=1533 late=3 nonSeq=3
94325.6191100: control=24071 audio=2059 late=3 nonSeq=3
94326.20097800: control=23532 audio=1525 late=3 nonSeq=3
94327.119700: control=23564 audio=1750 late=3 nonSeq=3
94328.1089700: control=23286 audio=1692 late=3 nonSeq=3
94329.5592900: control=24472 audio=1637 late=3 nonSeq=3
94330.7631600: control=23581 audio=1220 late=3 nonSeq=3
94331.9165100: control=23663 audio=1521 late=3 nonSeq=3
94332.13132600: control=23916 audio=1987 late=3 nonSeq=3
94333.17614200: control=26983 audio=1709 late=3 nonSeq=3
94334.17095600: control=23823 audio=1810 late=3 nonSeq=3
94335.11682200: control=23953 audio=1839 late=3 nonSeq=3
94336.10173900: control=23665 audio=1575 late=3 nonSeq=3
